<?xml version="1.0" encoding="UTF-8"?>
<!-- Generated by org.testng.reporters.JUnitXMLReporter -->
<testsuite hostname="Hen-Windows" name="Default test" tests="9" failures="0" timestamp="12 Sep 2016 19:14:31 GMT" time="0.103" errors="0">
  <testcase name="addNewVsupp1" time="0.02" classname="addNewEmployee.VirtualSupplierDaoImpla"/>
  <testcase name="addNewVsupp1" time="0.002" classname="addNewEmployee.VirtualSupplierDaoImpla"/>
  <testcase name="addNewVsupp1" time="0.002" classname="addNewEmployee.VirtualSupplierDaoImpla"/>
  <testcase name="addNewVsupp1" time="0.001" classname="addNewEmployee.VirtualSupplierDaoImpla"/>
  <testcase name="addNewVsupp1" time="0.003" classname="addNewEmployee.VirtualSupplierDaoImpla"/>
  <testcase name="addNewVsupp1" time="0.002" classname="addNewEmployee.VirtualSupplierDaoImpla"/>
  <testcase name="addNewVsupp1" time="0.003" classname="addNewEmployee.VirtualSupplierDaoImpla"/>
  <testcase name="addNewVsupp1" time="0.004" classname="addNewEmployee.VirtualSupplierDaoImpla"/>
  <testcase name="addNewVsupp1" time="0.008" classname="addNewEmployee.VirtualSupplierDaoImpla"/>
</testsuite> <!-- Default test -->
