<?xml version="1.0" encoding="UTF-8"?>
<testng-results skipped="0" failed="0" total="1" passed="1">
  <reporter-output>
  </reporter-output>
  <suite name="Default suite" duration-ms="3209" started-at="2017-08-15T08:10:31Z" finished-at="2017-08-15T08:10:34Z">
    <groups>
    </groups>
    <test name="Default test" duration-ms="3209" started-at="2017-08-15T08:10:31Z" finished-at="2017-08-15T08:10:34Z">
      <class name="StartNG">
        <test-method status="PASS" signature="mainng()[pri:0, instance:StartNG@3e6fa38a]" name="mainng" duration-ms="3192" started-at="2017-08-15T11:10:31Z" finished-at="2017-08-15T11:10:34Z">
          <reporter-output>
          </reporter-output>
        </test-method> <!-- mainng -->
      </class> <!-- StartNG -->
    </test> <!-- Default test -->
  </suite> <!-- Default suite -->
</testng-results>
